<?xml version="1.0" encoding="UTF-8"?>
<!-- Generated by org.testng.reporters.JUnitXMLReporter -->
<testsuite ignored="4" hostname="DESKTOP-Q5PKL2R" failures="0" tests="1" name="Test1" time="21.7" errors="0" timestamp="2022-05-20T14:59:21 PDT">
  <testcase classname="com.Salesforce.Test.LoginPageTCs" name="TC01noPasswordError" time="8.0"/>
  <testcase classname="com.Salesforce.Test.LoginPageTCs" name="TC02validLogin" time="0.0">
    <ignored/>
  </testcase> <!-- TC02validLogin -->
  <testcase classname="com.Salesforce.Test.LoginPageTCs" name="TC04AforgotPasswordLink" time="0.0">
    <ignored/>
  </testcase> <!-- TC04AforgotPasswordLink -->
  <testcase classname="com.Salesforce.Test.LoginPageTCs" name="TC03checkRememberMe" time="0.0">
    <ignored/>
  </testcase> <!-- TC03checkRememberMe -->
  <testcase classname="com.Salesforce.Test.LoginPageTCs" name="TC04BloginFailedError" time="0.0">
    <ignored/>
  </testcase> <!-- TC04BloginFailedError -->
</testsuite> <!-- Test1 -->
