<?xml version="1.0" encoding="UTF-8"?>
<!-- Generated by org.testng.reporters.JUnitXMLReporter -->
<testsuite ignored="0" hostname="DESKTOP-Q5PKL2R" failures="0" tests="5" name="AllTestcases" time="94.248" errors="0" timestamp="2022-05-17T14:11:29 PDT">
  <testcase classname="com.Salesforce.Test.LoginPageTCs" name="TC01noPasswordError" time="6.315"/>
  <testcase classname="com.Salesforce.Test.LoginPageTCs" name="TC02validLogin" time="10.844"/>
  <testcase classname="com.Salesforce.Test.LoginPageTCs" name="TC03checkRememberMe" time="14.326"/>
  <testcase classname="com.Salesforce.Test.LoginPageTCs" name="TC04AforgotPasswordLink" time="6.771"/>
  <testcase classname="com.Salesforce.Test.LoginPageTCs" name="TC04BloginFailedError" time="5.78"/>
</testsuite> <!-- AllTestcases -->
