<?xml version="1.0" encoding="UTF-8"?>
<!-- Generated by org.testng.reporters.JUnitXMLReporter -->
<testsuite ignored="0" hostname="DESKTOP-Q5PKL2R" failures="0" tests="8" name="Test2" time="4.581" errors="0" timestamp="2022-05-20T12:51:16 PDT">
  <testcase classname="com.base.methods.BaseScripts" name="@BeforeMethod setUp" time="4.239">
    <failure type="java.lang.NullPointerException" message="Cannot invoke &amp;quot;com.aventstack.extentreports.ExtentTest.log(com.aventstack.extentreports.Status, String)&amp;quot; because &amp;quot;com.salesforceApp.utilities.GenerateReports.logger&amp;quot; is null">
      <![CDATA[java.lang.NullPointerException: Cannot invoke "com.aventstack.extentreports.ExtentTest.log(com.aventstack.extentreports.Status, String)" because "com.salesforceApp.utilities.GenerateReports.logger" is null
at com.salesforceApp.utilities.GenerateReports.logTestInfo(GenerateReports.java:59)
at com.base.methods.BaseScripts.gotoUrl(BaseScripts.java:161)
at com.base.methods.BaseScripts.loginDirect(BaseScripts.java:119)
at com.base.methods.BaseScripts.setUp(BaseScripts.java:76)
at java.base/java.util.ArrayList.forEach(ArrayList.java:1511)
... Removed 31 stack frames]]>
    </failure>
  </testcase> <!-- @BeforeMethod setUp -->
  <testcase classname="com.base.methods.BaseScripts" name="@AfterMethod tearDown" time="0.0">
    <skipped/>
  </testcase> <!-- @AfterMethod tearDown -->
  <testcase classname="com.base.methods.BaseScripts" name="@BeforeMethod setUp" time="0.0">
    <skipped/>
  </testcase> <!-- @BeforeMethod setUp -->
  <testcase classname="com.base.methods.BaseScripts" name="@AfterMethod tearDown" time="0.0">
    <skipped/>
  </testcase> <!-- @AfterMethod tearDown -->
  <testcase classname="com.base.methods.BaseScripts" name="@BeforeMethod setUp" time="0.0">
    <skipped/>
  </testcase> <!-- @BeforeMethod setUp -->
  <testcase classname="com.base.methods.BaseScripts" name="@AfterMethod tearDown" time="0.0">
    <skipped/>
  </testcase> <!-- @AfterMethod tearDown -->
  <testcase classname="com.base.methods.BaseScripts" name="@BeforeMethod setUp" time="0.0">
    <skipped/>
  </testcase> <!-- @BeforeMethod setUp -->
  <testcase classname="com.base.methods.BaseScripts" name="@AfterMethod tearDown" time="0.0">
    <skipped/>
  </testcase> <!-- @AfterMethod tearDown -->
  <testcase classname="com.base.methods.BaseScripts" name="@BeforeMethod setUp" time="0.0">
    <skipped/>
  </testcase> <!-- @BeforeMethod setUp -->
  <testcase classname="com.base.methods.BaseScripts" name="@AfterMethod tearDown" time="0.0">
    <skipped/>
  </testcase> <!-- @AfterMethod tearDown -->
  <testcase classname="com.base.methods.BaseScripts" name="@BeforeMethod setUp" time="0.0">
    <skipped/>
  </testcase> <!-- @BeforeMethod setUp -->
  <testcase classname="com.base.methods.BaseScripts" name="@AfterMethod tearDown" time="0.0">
    <skipped/>
  </testcase> <!-- @AfterMethod tearDown -->
  <testcase classname="com.base.methods.BaseScripts" name="@BeforeMethod setUp" time="0.0">
    <skipped/>
  </testcase> <!-- @BeforeMethod setUp -->
  <testcase classname="com.base.methods.BaseScripts" name="@AfterMethod tearDown" time="0.0">
    <skipped/>
  </testcase> <!-- @AfterMethod tearDown -->
  <testcase classname="com.base.methods.BaseScripts" name="@BeforeMethod setUp" time="0.0">
    <skipped/>
  </testcase> <!-- @BeforeMethod setUp -->
  <testcase classname="com.base.methods.BaseScripts" name="@AfterMethod tearDown" time="0.0">
    <skipped/>
  </testcase> <!-- @AfterMethod tearDown -->
  <testcase classname="com.Salesforce.Test.UserMenuDropdownTCs" name="TC05clickUserMenuDropdown" time="0.001">
    <skipped/>
  </testcase> <!-- TC05clickUserMenuDropdown -->
  <testcase classname="com.Salesforce.Test.UserMenuDropdownTCs" name="TC06addPhoto" time="0.0">
    <skipped/>
  </testcase> <!-- TC06addPhoto -->
  <testcase classname="com.Salesforce.Test.UserMenuDropdownTCs" name="TC06setUpMyProfile" time="0.001">
    <skipped/>
  </testcase> <!-- TC06setUpMyProfile -->
  <testcase classname="com.Salesforce.Test.UserMenuDropdownTCs" name="TC06sharePost" time="0.0">
    <skipped/>
  </testcase> <!-- TC06sharePost -->
  <testcase classname="com.Salesforce.Test.UserMenuDropdownTCs" name="TC06uploadFile" time="0.0">
    <skipped/>
  </testcase> <!-- TC06uploadFile -->
  <testcase classname="com.Salesforce.Test.UserMenuDropdownTCs" name="TC07changeMySettings" time="0.0">
    <skipped/>
  </testcase> <!-- TC07changeMySettings -->
  <testcase classname="com.Salesforce.Test.UserMenuDropdownTCs" name="TC08DeveloperConsole" time="0.0">
    <skipped/>
  </testcase> <!-- TC08DeveloperConsole -->
  <testcase classname="com.Salesforce.Test.UserMenuDropdownTCs" name="TC09LogoutOfSalesforce" time="0.0">
    <skipped/>
  </testcase> <!-- TC09LogoutOfSalesforce -->
</testsuite> <!-- Test2 -->
